d:\visualstudioprojects\gpr-250\shared\deanlib\lib\deanlibdebug.pdb
d:\visualstudioprojects\gpr-250\shared\deanlib\lib\deanlibdebug.idb
d:\visualstudioprojects\gpr-250\shared\deanlib\debug\vector2d.obj
d:\visualstudioprojects\gpr-250\shared\deanlib\debug\trackable.obj
d:\visualstudioprojects\gpr-250\shared\deanlib\debug\timer.obj
d:\visualstudioprojects\gpr-250\shared\deanlib\debug\raycaster.obj
d:\visualstudioprojects\gpr-250\shared\deanlib\debug\performancetracker.obj
d:\visualstudioprojects\gpr-250\shared\deanlib\debug\memorytracker.obj
d:\visualstudioprojects\gpr-250\shared\deanlib\debug\memorypool.obj
d:\visualstudioprojects\gpr-250\shared\deanlib\debug\eventsystem.obj
d:\visualstudioprojects\gpr-250\shared\deanlib\debug\eventlistener.obj
d:\visualstudioprojects\gpr-250\shared\deanlib\debug\event.obj
d:\visualstudioprojects\gpr-250\shared\deanlib\debug\deanmath.obj
d:\visualstudioprojects\gpr-250\shared\deanlib\debug\deanlibutilities.obj
d:\visualstudioprojects\gpr-250\shared\deanlib\debug\datarepository.obj
d:\visualstudioprojects\gpr-250\shared\deanlib\lib\deanlibdebug.lib
d:\visualstudioprojects\gpr-250\shared\deanlib\debug\deanlib.tlog\cl.command.1.tlog
d:\visualstudioprojects\gpr-250\shared\deanlib\debug\deanlib.tlog\cl.read.1.tlog
d:\visualstudioprojects\gpr-250\shared\deanlib\debug\deanlib.tlog\cl.write.1.tlog
d:\visualstudioprojects\gpr-250\shared\deanlib\debug\deanlib.tlog\lib-link.read.1.tlog
d:\visualstudioprojects\gpr-250\shared\deanlib\debug\deanlib.tlog\lib-link.write.1.tlog
d:\visualstudioprojects\gpr-250\shared\deanlib\debug\deanlib.tlog\lib.command.1.tlog
